<?xml version="1.0" encoding="UTF-8"?>
<testsuite xmlns:xsi="http://www.w3.org/2001/XMLSchema-instance" xsi:noNamespaceSchemaLocation="https://maven.apache.org/surefire/maven-surefire-plugin/xsd/surefire-test-report.xsd" name="io.cucumber.zituorden.RunCucumberTest" time="0.434" tests="1" errors="1" skipped="0" failures="0">
  <properties>
    <property name="java.specification.version" value="13"/>
    <property name="sun.jnu.encoding" value="UTF-8"/>
    <property name="java.class.path" value="/opt/develop/aut_irlem_practic/target/test-classes:/opt/develop/aut_irlem_practic/target/classes:/Users/mikhail.shchegolev/.m2/repository/io/cucumber/cucumber-java/6.1.1/cucumber-java-6.1.1.jar:/Users/mikhail.shchegolev/.m2/repository/io/cucumber/cucumber-core/6.1.1/cucumber-core-6.1.1.jar:/Users/mikhail.shchegolev/.m2/repository/io/cucumber/cucumber-gherkin/6.1.1/cucumber-gherkin-6.1.1.jar:/Users/mikhail.shchegolev/.m2/repository/io/cucumber/cucumber-gherkin-messages/6.1.1/cucumber-gherkin-messages-6.1.1.jar:/Users/mikhail.shchegolev/.m2/repository/io/cucumber/messages/12.1.1/messages-12.1.1.jar:/Users/mikhail.shchegolev/.m2/repository/io/cucumber/tag-expressions/3.0.0/tag-expressions-3.0.0.jar:/Users/mikhail.shchegolev/.m2/repository/io/cucumber/cucumber-expressions/10.2.0/cucumber-expressions-10.2.0.jar:/Users/mikhail.shchegolev/.m2/repository/io/cucumber/datatable/3.3.1/datatable-3.3.1.jar:/Users/mikhail.shchegolev/.m2/repository/io/cucumber/cucumber-plugin/6.1.1/cucumber-plugin-6.1.1.jar:/Users/mikhail.shchegolev/.m2/repository/io/cucumber/docstring/6.1.1/docstring-6.1.1.jar:/Users/mikhail.shchegolev/.m2/repository/io/cucumber/html-formatter/6.0.3/html-formatter-6.0.3.jar:/Users/mikhail.shchegolev/.m2/repository/org/apiguardian/apiguardian-api/1.1.0/apiguardian-api-1.1.0.jar:/Users/mikhail.shchegolev/.m2/repository/io/cucumber/cucumber-junit/6.1.1/cucumber-junit-6.1.1.jar:/Users/mikhail.shchegolev/.m2/repository/junit/junit/4.13/junit-4.13.jar:/Users/mikhail.shchegolev/.m2/repository/org/hamcrest/hamcrest-core/1.3/hamcrest-core-1.3.jar:"/>
    <property name="java.vm.vendor" value="Oracle Corporation"/>
    <property name="sun.arch.data.model" value="64"/>
    <property name="java.vendor.url" value="https://openjdk.java.net/"/>
    <property name="os.name" value="Mac OS X"/>
    <property name="java.vm.specification.version" value="13"/>
    <property name="sun.java.launcher" value="SUN_STANDARD"/>
    <property name="user.country" value="RU"/>
    <property name="sun.boot.library.path" value="/usr/local/Cellar/openjdk/13.0.2+8_2/libexec/openjdk.jdk/Contents/Home/lib"/>
    <property name="sun.java.command" value="/opt/develop/aut_irlem_practic/target/surefire/surefirebooter15660172782128399503.jar /opt/develop/aut_irlem_practic/target/surefire 2020-06-20T23-21-58_485-jvmRun1 surefire15217921340417499176tmp surefire_02178498269176139363tmp"/>
    <property name="http.nonProxyHosts" value="local|*.local|169.254/16|*.169.254/16"/>
    <property name="jdk.debug" value="release"/>
    <property name="surefire.test.class.path" value="/opt/develop/aut_irlem_practic/target/test-classes:/opt/develop/aut_irlem_practic/target/classes:/Users/mikhail.shchegolev/.m2/repository/io/cucumber/cucumber-java/6.1.1/cucumber-java-6.1.1.jar:/Users/mikhail.shchegolev/.m2/repository/io/cucumber/cucumber-core/6.1.1/cucumber-core-6.1.1.jar:/Users/mikhail.shchegolev/.m2/repository/io/cucumber/cucumber-gherkin/6.1.1/cucumber-gherkin-6.1.1.jar:/Users/mikhail.shchegolev/.m2/repository/io/cucumber/cucumber-gherkin-messages/6.1.1/cucumber-gherkin-messages-6.1.1.jar:/Users/mikhail.shchegolev/.m2/repository/io/cucumber/messages/12.1.1/messages-12.1.1.jar:/Users/mikhail.shchegolev/.m2/repository/io/cucumber/tag-expressions/3.0.0/tag-expressions-3.0.0.jar:/Users/mikhail.shchegolev/.m2/repository/io/cucumber/cucumber-expressions/10.2.0/cucumber-expressions-10.2.0.jar:/Users/mikhail.shchegolev/.m2/repository/io/cucumber/datatable/3.3.1/datatable-3.3.1.jar:/Users/mikhail.shchegolev/.m2/repository/io/cucumber/cucumber-plugin/6.1.1/cucumber-plugin-6.1.1.jar:/Users/mikhail.shchegolev/.m2/repository/io/cucumber/docstring/6.1.1/docstring-6.1.1.jar:/Users/mikhail.shchegolev/.m2/repository/io/cucumber/html-formatter/6.0.3/html-formatter-6.0.3.jar:/Users/mikhail.shchegolev/.m2/repository/org/apiguardian/apiguardian-api/1.1.0/apiguardian-api-1.1.0.jar:/Users/mikhail.shchegolev/.m2/repository/io/cucumber/cucumber-junit/6.1.1/cucumber-junit-6.1.1.jar:/Users/mikhail.shchegolev/.m2/repository/junit/junit/4.13/junit-4.13.jar:/Users/mikhail.shchegolev/.m2/repository/org/hamcrest/hamcrest-core/1.3/hamcrest-core-1.3.jar:"/>
    <property name="sun.cpu.endian" value="little"/>
    <property name="user.home" value="/Users/mikhail.shchegolev"/>
    <property name="user.language" value="ru"/>
    <property name="java.specification.vendor" value="Oracle Corporation"/>
    <property name="java.version.date" value="2020-01-14"/>
    <property name="java.home" value="/usr/local/Cellar/openjdk/13.0.2+8_2/libexec/openjdk.jdk/Contents/Home"/>
    <property name="file.separator" value="/"/>
    <property name="basedir" value="/opt/develop/aut_irlem_practic"/>
    <property name="java.vm.compressedOopsMode" value="Zero based"/>
    <property name="line.separator" value="&#10;"/>
    <property name="java.specification.name" value="Java Platform API Specification"/>
    <property name="java.vm.specification.vendor" value="Oracle Corporation"/>
    <property name="surefire.real.class.path" value="/opt/develop/aut_irlem_practic/target/surefire/surefirebooter15660172782128399503.jar"/>
    <property name="sun.management.compiler" value="HotSpot 64-Bit Tiered Compilers"/>
    <property name="ftp.nonProxyHosts" value="local|*.local|169.254/16|*.169.254/16"/>
    <property name="java.runtime.version" value="13.0.2+8"/>
    <property name="user.name" value="mikhail.shchegolev"/>
    <property name="path.separator" value=":"/>
    <property name="os.version" value="10.15.5"/>
    <property name="java.runtime.name" value="OpenJDK Runtime Environment"/>
    <property name="file.encoding" value="UTF-8"/>
    <property name="java.vm.name" value="OpenJDK 64-Bit Server VM"/>
    <property name="localRepository" value="/Users/mikhail.shchegolev/.m2/repository"/>
    <property name="java.vendor.url.bug" value="https://bugreport.java.com/bugreport/"/>
    <property name="java.io.tmpdir" value="/var/folders/7l/jqp81vsj0l95dy4g_s2l1mfw0000gn/T/"/>
    <property name="java.version" value="13.0.2"/>
    <property name="user.dir" value="/opt/develop/aut_irlem_practic"/>
    <property name="os.arch" value="x86_64"/>
    <property name="java.vm.specification.name" value="Java Virtual Machine Specification"/>
    <property name="java.library.path" value="/Users/mikhail.shchegolev/Library/Java/Extensions:/Library/Java/Extensions:/Network/Library/Java/Extensions:/System/Library/Java/Extensions:/usr/lib/java:."/>
    <property name="java.vm.info" value="mixed mode, sharing"/>
    <property name="java.vendor" value="N/A"/>
    <property name="java.vm.version" value="13.0.2+8"/>
    <property name="sun.io.unicode.encoding" value="UnicodeBig"/>
    <property name="socksNonProxyHosts" value="local|*.local|169.254/16|*.169.254/16"/>
    <property name="java.class.version" value="57.0"/>
  </properties>
  <testcase name="a few cukes" classname="Belly" time="0.136">
    <error message="The step &quot;I wait 1 hour&quot; is undefined. You can implement it using the snippet(s) below:&#10;&#10;@When(&quot;I wait {int} hour&quot;)&#10;public void i_wait_hour(Integer int1) {&#10;    // Write code here that turns the phrase above into concrete actions&#10;    throw new io.cucumber.java.PendingException();&#10;}&#10;&#10;&#10;Some other steps were also undefined:&#10;&#10;@Then(&quot;my belly should growl&quot;)&#10;public void my_belly_should_growl() {&#10;    // Write code here that turns the phrase above into concrete actions&#10;    throw new io.cucumber.java.PendingException();&#10;}&#10;" type="io.cucumber.junit.UndefinedStepException">io.cucumber.junit.UndefinedStepException: 
The step "I wait 1 hour" is undefined. You can implement it using the snippet(s) below:

@When("I wait {int} hour")
public void i_wait_hour(Integer int1) {
    // Write code here that turns the phrase above into concrete actions
    throw new io.cucumber.java.PendingException();
}


Some other steps were also undefined:

@Then("my belly should growl")
public void my_belly_should_growl() {
    // Write code here that turns the phrase above into concrete actions
    throw new io.cucumber.java.PendingException();
}

</error>
    <system-out><![CDATA[
Scenario: a few cukes               &amp#27;[90m# io/cucumber/zituorden/belly.feature:3&amp#27;[0m
  &amp#27;[32mGiven &amp#27;[0m&amp#27;[32mI have &amp#27;[0m&amp#27;[32m&amp#27;[1m42&amp#27;[0m&amp#27;[32m cukes in my belly&amp#27;[0m &amp#27;[90m# io.cucumber.zituorden.StepDefinitions.I_have_cukes_in_my_belly(int)&amp#27;[0m
  &amp#27;[33mWhen &amp#27;[0m&amp#27;[33mI wait 1 hour&amp#27;[0m                &amp#27;[90m# null&amp#27;[0m
  &amp#27;[36mThen &amp#27;[0m&amp#27;[36mmy belly should growl&amp#27;[0m        &amp#27;[90m# null&amp#27;[0m
]]></system-out>
  </testcase>
</testsuite>