<?xml version="1.0" encoding="UTF-8"?>
<testsuite xmlns:xsi="http://www.w3.org/2001/XMLSchema-instance" xsi:noNamespaceSchemaLocation="https://maven.apache.org/surefire/maven-surefire-plugin/xsd/surefire-test-report.xsd" name="io.cucumber.zituorden.RunCucumberTest" time="26.599" tests="1" errors="0" skipped="0" failures="0">
  <properties>
    <property name="java.specification.version" value="13"/>
    <property name="sun.jnu.encoding" value="UTF-8"/>
    <property name="java.class.path" value="/opt/develop/aut_irlem_practic/target/test-classes:/opt/develop/aut_irlem_practic/target/classes:/Users/mikhail.shchegolev/.m2/repository/io/cucumber/cucumber-java/6.1.1/cucumber-java-6.1.1.jar:/Users/mikhail.shchegolev/.m2/repository/io/cucumber/cucumber-core/6.1.1/cucumber-core-6.1.1.jar:/Users/mikhail.shchegolev/.m2/repository/io/cucumber/cucumber-gherkin/6.1.1/cucumber-gherkin-6.1.1.jar:/Users/mikhail.shchegolev/.m2/repository/io/cucumber/cucumber-gherkin-messages/6.1.1/cucumber-gherkin-messages-6.1.1.jar:/Users/mikhail.shchegolev/.m2/repository/io/cucumber/messages/12.1.1/messages-12.1.1.jar:/Users/mikhail.shchegolev/.m2/repository/io/cucumber/tag-expressions/3.0.0/tag-expressions-3.0.0.jar:/Users/mikhail.shchegolev/.m2/repository/io/cucumber/cucumber-expressions/10.2.0/cucumber-expressions-10.2.0.jar:/Users/mikhail.shchegolev/.m2/repository/io/cucumber/datatable/3.3.1/datatable-3.3.1.jar:/Users/mikhail.shchegolev/.m2/repository/io/cucumber/cucumber-plugin/6.1.1/cucumber-plugin-6.1.1.jar:/Users/mikhail.shchegolev/.m2/repository/io/cucumber/docstring/6.1.1/docstring-6.1.1.jar:/Users/mikhail.shchegolev/.m2/repository/io/cucumber/html-formatter/6.0.3/html-formatter-6.0.3.jar:/Users/mikhail.shchegolev/.m2/repository/org/apiguardian/apiguardian-api/1.1.0/apiguardian-api-1.1.0.jar:/Users/mikhail.shchegolev/.m2/repository/io/cucumber/cucumber-junit/6.1.1/cucumber-junit-6.1.1.jar:/Users/mikhail.shchegolev/.m2/repository/junit/junit/4.13/junit-4.13.jar:/Users/mikhail.shchegolev/.m2/repository/org/hamcrest/hamcrest-core/1.3/hamcrest-core-1.3.jar:/Users/mikhail.shchegolev/.m2/repository/org/seleniumhq/selenium/selenium-api/2.53.1/selenium-api-2.53.1.jar:/Users/mikhail.shchegolev/.m2/repository/com/google/guava/guava/19.0/guava-19.0.jar:/Users/mikhail.shchegolev/.m2/repository/com/google/code/gson/gson/2.3.1/gson-2.3.1.jar:/Users/mikhail.shchegolev/.m2/repository/org/seleniumhq/selenium/selenium-remote-driver/2.53.1/selenium-remote-driver-2.53.1.jar:/Users/mikhail.shchegolev/.m2/repository/cglib/cglib-nodep/2.1_3/cglib-nodep-2.1_3.jar:/Users/mikhail.shchegolev/.m2/repository/org/apache/httpcomponents/httpclient/4.5.1/httpclient-4.5.1.jar:/Users/mikhail.shchegolev/.m2/repository/org/apache/httpcomponents/httpcore/4.4.3/httpcore-4.4.3.jar:/Users/mikhail.shchegolev/.m2/repository/commons-logging/commons-logging/1.2/commons-logging-1.2.jar:/Users/mikhail.shchegolev/.m2/repository/commons-codec/commons-codec/1.9/commons-codec-1.9.jar:/Users/mikhail.shchegolev/.m2/repository/org/apache/commons/commons-exec/1.3/commons-exec-1.3.jar:/Users/mikhail.shchegolev/.m2/repository/net/java/dev/jna/jna/4.1.0/jna-4.1.0.jar:/Users/mikhail.shchegolev/.m2/repository/net/java/dev/jna/jna-platform/4.1.0/jna-platform-4.1.0.jar:"/>
    <property name="java.vm.vendor" value="Oracle Corporation"/>
    <property name="sun.arch.data.model" value="64"/>
    <property name="java.vendor.url" value="https://openjdk.java.net/"/>
    <property name="os.name" value="Mac OS X"/>
    <property name="java.vm.specification.version" value="13"/>
    <property name="sun.java.launcher" value="SUN_STANDARD"/>
    <property name="user.country" value="RU"/>
    <property name="sun.boot.library.path" value="/usr/local/Cellar/openjdk/13.0.2+8_2/libexec/openjdk.jdk/Contents/Home/lib"/>
    <property name="sun.java.command" value="/opt/develop/aut_irlem_practic/target/surefire/surefirebooter5971975911410215225.jar /opt/develop/aut_irlem_practic/target/surefire 2020-06-28T03-18-46_477-jvmRun1 surefire1101051064767043945tmp surefire_017744904925642740354tmp"/>
    <property name="http.nonProxyHosts" value="local|*.local|169.254/16|*.169.254/16"/>
    <property name="jdk.debug" value="release"/>
    <property name="surefire.test.class.path" value="/opt/develop/aut_irlem_practic/target/test-classes:/opt/develop/aut_irlem_practic/target/classes:/Users/mikhail.shchegolev/.m2/repository/io/cucumber/cucumber-java/6.1.1/cucumber-java-6.1.1.jar:/Users/mikhail.shchegolev/.m2/repository/io/cucumber/cucumber-core/6.1.1/cucumber-core-6.1.1.jar:/Users/mikhail.shchegolev/.m2/repository/io/cucumber/cucumber-gherkin/6.1.1/cucumber-gherkin-6.1.1.jar:/Users/mikhail.shchegolev/.m2/repository/io/cucumber/cucumber-gherkin-messages/6.1.1/cucumber-gherkin-messages-6.1.1.jar:/Users/mikhail.shchegolev/.m2/repository/io/cucumber/messages/12.1.1/messages-12.1.1.jar:/Users/mikhail.shchegolev/.m2/repository/io/cucumber/tag-expressions/3.0.0/tag-expressions-3.0.0.jar:/Users/mikhail.shchegolev/.m2/repository/io/cucumber/cucumber-expressions/10.2.0/cucumber-expressions-10.2.0.jar:/Users/mikhail.shchegolev/.m2/repository/io/cucumber/datatable/3.3.1/datatable-3.3.1.jar:/Users/mikhail.shchegolev/.m2/repository/io/cucumber/cucumber-plugin/6.1.1/cucumber-plugin-6.1.1.jar:/Users/mikhail.shchegolev/.m2/repository/io/cucumber/docstring/6.1.1/docstring-6.1.1.jar:/Users/mikhail.shchegolev/.m2/repository/io/cucumber/html-formatter/6.0.3/html-formatter-6.0.3.jar:/Users/mikhail.shchegolev/.m2/repository/org/apiguardian/apiguardian-api/1.1.0/apiguardian-api-1.1.0.jar:/Users/mikhail.shchegolev/.m2/repository/io/cucumber/cucumber-junit/6.1.1/cucumber-junit-6.1.1.jar:/Users/mikhail.shchegolev/.m2/repository/junit/junit/4.13/junit-4.13.jar:/Users/mikhail.shchegolev/.m2/repository/org/hamcrest/hamcrest-core/1.3/hamcrest-core-1.3.jar:/Users/mikhail.shchegolev/.m2/repository/org/seleniumhq/selenium/selenium-api/2.53.1/selenium-api-2.53.1.jar:/Users/mikhail.shchegolev/.m2/repository/com/google/guava/guava/19.0/guava-19.0.jar:/Users/mikhail.shchegolev/.m2/repository/com/google/code/gson/gson/2.3.1/gson-2.3.1.jar:/Users/mikhail.shchegolev/.m2/repository/org/seleniumhq/selenium/selenium-remote-driver/2.53.1/selenium-remote-driver-2.53.1.jar:/Users/mikhail.shchegolev/.m2/repository/cglib/cglib-nodep/2.1_3/cglib-nodep-2.1_3.jar:/Users/mikhail.shchegolev/.m2/repository/org/apache/httpcomponents/httpclient/4.5.1/httpclient-4.5.1.jar:/Users/mikhail.shchegolev/.m2/repository/org/apache/httpcomponents/httpcore/4.4.3/httpcore-4.4.3.jar:/Users/mikhail.shchegolev/.m2/repository/commons-logging/commons-logging/1.2/commons-logging-1.2.jar:/Users/mikhail.shchegolev/.m2/repository/commons-codec/commons-codec/1.9/commons-codec-1.9.jar:/Users/mikhail.shchegolev/.m2/repository/org/apache/commons/commons-exec/1.3/commons-exec-1.3.jar:/Users/mikhail.shchegolev/.m2/repository/net/java/dev/jna/jna/4.1.0/jna-4.1.0.jar:/Users/mikhail.shchegolev/.m2/repository/net/java/dev/jna/jna-platform/4.1.0/jna-platform-4.1.0.jar:"/>
    <property name="sun.cpu.endian" value="little"/>
    <property name="user.home" value="/Users/mikhail.shchegolev"/>
    <property name="user.language" value="ru"/>
    <property name="java.specification.vendor" value="Oracle Corporation"/>
    <property name="java.version.date" value="2020-01-14"/>
    <property name="java.home" value="/usr/local/Cellar/openjdk/13.0.2+8_2/libexec/openjdk.jdk/Contents/Home"/>
    <property name="file.separator" value="/"/>
    <property name="basedir" value="/opt/develop/aut_irlem_practic"/>
    <property name="java.vm.compressedOopsMode" value="Zero based"/>
    <property name="line.separator" value="&#10;"/>
    <property name="java.specification.name" value="Java Platform API Specification"/>
    <property name="java.vm.specification.vendor" value="Oracle Corporation"/>
    <property name="surefire.real.class.path" value="/opt/develop/aut_irlem_practic/target/surefire/surefirebooter5971975911410215225.jar"/>
    <property name="sun.management.compiler" value="HotSpot 64-Bit Tiered Compilers"/>
    <property name="ftp.nonProxyHosts" value="local|*.local|169.254/16|*.169.254/16"/>
    <property name="java.runtime.version" value="13.0.2+8"/>
    <property name="user.name" value="mikhail.shchegolev"/>
    <property name="path.separator" value=":"/>
    <property name="os.version" value="10.15.5"/>
    <property name="java.runtime.name" value="OpenJDK Runtime Environment"/>
    <property name="file.encoding" value="UTF-8"/>
    <property name="java.vm.name" value="OpenJDK 64-Bit Server VM"/>
    <property name="localRepository" value="/Users/mikhail.shchegolev/.m2/repository"/>
    <property name="java.vendor.url.bug" value="https://bugreport.java.com/bugreport/"/>
    <property name="java.io.tmpdir" value="/var/folders/7l/jqp81vsj0l95dy4g_s2l1mfw0000gn/T/"/>
    <property name="java.version" value="13.0.2"/>
    <property name="user.dir" value="/opt/develop/aut_irlem_practic"/>
    <property name="os.arch" value="x86_64"/>
    <property name="java.vm.specification.name" value="Java Virtual Machine Specification"/>
    <property name="java.library.path" value="/Users/mikhail.shchegolev/Library/Java/Extensions:/Library/Java/Extensions:/Network/Library/Java/Extensions:/System/Library/Java/Extensions:/usr/lib/java:."/>
    <property name="java.vm.info" value="mixed mode, sharing"/>
    <property name="java.vendor" value="N/A"/>
    <property name="java.vm.version" value="13.0.2+8"/>
    <property name="sun.io.unicode.encoding" value="UnicodeBig"/>
    <property name="socksNonProxyHosts" value="local|*.local|169.254/16|*.169.254/16"/>
    <property name="java.class.version" value="57.0"/>
  </properties>
  <testcase name="a few cukes" classname="Belly" time="26.134"/>
</testsuite>