<?xml version="1.0" encoding="UTF-8"?>
<testsuite xmlns:xsi="http://www.w3.org/2001/XMLSchema-instance" xsi:noNamespaceSchemaLocation="https://maven.apache.org/surefire/maven-surefire-plugin/xsd/surefire-test-report.xsd" name="io.cucumber.zituorden.RunCucumberTest" time="1.628" tests="1" errors="1" skipped="0" failures="0">
  <properties>
    <property name="java.specification.version" value="13"/>
    <property name="sun.jnu.encoding" value="UTF-8"/>
    <property name="java.class.path" value="/opt/develop/aut_irlem_practic/target/test-classes:/opt/develop/aut_irlem_practic/target/classes:/Users/mikhail.shchegolev/.m2/repository/io/cucumber/cucumber-java/6.1.1/cucumber-java-6.1.1.jar:/Users/mikhail.shchegolev/.m2/repository/io/cucumber/cucumber-core/6.1.1/cucumber-core-6.1.1.jar:/Users/mikhail.shchegolev/.m2/repository/io/cucumber/cucumber-gherkin/6.1.1/cucumber-gherkin-6.1.1.jar:/Users/mikhail.shchegolev/.m2/repository/io/cucumber/cucumber-gherkin-messages/6.1.1/cucumber-gherkin-messages-6.1.1.jar:/Users/mikhail.shchegolev/.m2/repository/io/cucumber/messages/12.1.1/messages-12.1.1.jar:/Users/mikhail.shchegolev/.m2/repository/io/cucumber/tag-expressions/3.0.0/tag-expressions-3.0.0.jar:/Users/mikhail.shchegolev/.m2/repository/io/cucumber/cucumber-expressions/10.2.0/cucumber-expressions-10.2.0.jar:/Users/mikhail.shchegolev/.m2/repository/io/cucumber/datatable/3.3.1/datatable-3.3.1.jar:/Users/mikhail.shchegolev/.m2/repository/io/cucumber/cucumber-plugin/6.1.1/cucumber-plugin-6.1.1.jar:/Users/mikhail.shchegolev/.m2/repository/io/cucumber/docstring/6.1.1/docstring-6.1.1.jar:/Users/mikhail.shchegolev/.m2/repository/io/cucumber/html-formatter/6.0.3/html-formatter-6.0.3.jar:/Users/mikhail.shchegolev/.m2/repository/org/apiguardian/apiguardian-api/1.1.0/apiguardian-api-1.1.0.jar:/Users/mikhail.shchegolev/.m2/repository/io/cucumber/cucumber-junit/6.1.1/cucumber-junit-6.1.1.jar:/Users/mikhail.shchegolev/.m2/repository/junit/junit/4.13/junit-4.13.jar:/Users/mikhail.shchegolev/.m2/repository/org/hamcrest/hamcrest-core/1.3/hamcrest-core-1.3.jar:/Users/mikhail.shchegolev/.m2/repository/org/seleniumhq/selenium/selenium-api/2.53.1/selenium-api-2.53.1.jar:/Users/mikhail.shchegolev/.m2/repository/com/google/guava/guava/19.0/guava-19.0.jar:/Users/mikhail.shchegolev/.m2/repository/com/google/code/gson/gson/2.3.1/gson-2.3.1.jar:/Users/mikhail.shchegolev/.m2/repository/org/seleniumhq/selenium/selenium-remote-driver/2.53.1/selenium-remote-driver-2.53.1.jar:/Users/mikhail.shchegolev/.m2/repository/cglib/cglib-nodep/2.1_3/cglib-nodep-2.1_3.jar:/Users/mikhail.shchegolev/.m2/repository/org/apache/httpcomponents/httpclient/4.5.1/httpclient-4.5.1.jar:/Users/mikhail.shchegolev/.m2/repository/org/apache/httpcomponents/httpcore/4.4.3/httpcore-4.4.3.jar:/Users/mikhail.shchegolev/.m2/repository/commons-logging/commons-logging/1.2/commons-logging-1.2.jar:/Users/mikhail.shchegolev/.m2/repository/commons-codec/commons-codec/1.9/commons-codec-1.9.jar:/Users/mikhail.shchegolev/.m2/repository/org/apache/commons/commons-exec/1.3/commons-exec-1.3.jar:/Users/mikhail.shchegolev/.m2/repository/net/java/dev/jna/jna/4.1.0/jna-4.1.0.jar:/Users/mikhail.shchegolev/.m2/repository/net/java/dev/jna/jna-platform/4.1.0/jna-platform-4.1.0.jar:"/>
    <property name="java.vm.vendor" value="Oracle Corporation"/>
    <property name="sun.arch.data.model" value="64"/>
    <property name="java.vendor.url" value="https://openjdk.java.net/"/>
    <property name="os.name" value="Mac OS X"/>
    <property name="java.vm.specification.version" value="13"/>
    <property name="sun.java.launcher" value="SUN_STANDARD"/>
    <property name="user.country" value="RU"/>
    <property name="sun.boot.library.path" value="/usr/local/Cellar/openjdk/13.0.2+8_2/libexec/openjdk.jdk/Contents/Home/lib"/>
    <property name="sun.java.command" value="/opt/develop/aut_irlem_practic/target/surefire/surefirebooter15202625260452014802.jar /opt/develop/aut_irlem_practic/target/surefire 2020-06-28T03-23-55_206-jvmRun1 surefire16383357085128553321tmp surefire_05979427666378209182tmp"/>
    <property name="http.nonProxyHosts" value="local|*.local|169.254/16|*.169.254/16"/>
    <property name="jdk.debug" value="release"/>
    <property name="surefire.test.class.path" value="/opt/develop/aut_irlem_practic/target/test-classes:/opt/develop/aut_irlem_practic/target/classes:/Users/mikhail.shchegolev/.m2/repository/io/cucumber/cucumber-java/6.1.1/cucumber-java-6.1.1.jar:/Users/mikhail.shchegolev/.m2/repository/io/cucumber/cucumber-core/6.1.1/cucumber-core-6.1.1.jar:/Users/mikhail.shchegolev/.m2/repository/io/cucumber/cucumber-gherkin/6.1.1/cucumber-gherkin-6.1.1.jar:/Users/mikhail.shchegolev/.m2/repository/io/cucumber/cucumber-gherkin-messages/6.1.1/cucumber-gherkin-messages-6.1.1.jar:/Users/mikhail.shchegolev/.m2/repository/io/cucumber/messages/12.1.1/messages-12.1.1.jar:/Users/mikhail.shchegolev/.m2/repository/io/cucumber/tag-expressions/3.0.0/tag-expressions-3.0.0.jar:/Users/mikhail.shchegolev/.m2/repository/io/cucumber/cucumber-expressions/10.2.0/cucumber-expressions-10.2.0.jar:/Users/mikhail.shchegolev/.m2/repository/io/cucumber/datatable/3.3.1/datatable-3.3.1.jar:/Users/mikhail.shchegolev/.m2/repository/io/cucumber/cucumber-plugin/6.1.1/cucumber-plugin-6.1.1.jar:/Users/mikhail.shchegolev/.m2/repository/io/cucumber/docstring/6.1.1/docstring-6.1.1.jar:/Users/mikhail.shchegolev/.m2/repository/io/cucumber/html-formatter/6.0.3/html-formatter-6.0.3.jar:/Users/mikhail.shchegolev/.m2/repository/org/apiguardian/apiguardian-api/1.1.0/apiguardian-api-1.1.0.jar:/Users/mikhail.shchegolev/.m2/repository/io/cucumber/cucumber-junit/6.1.1/cucumber-junit-6.1.1.jar:/Users/mikhail.shchegolev/.m2/repository/junit/junit/4.13/junit-4.13.jar:/Users/mikhail.shchegolev/.m2/repository/org/hamcrest/hamcrest-core/1.3/hamcrest-core-1.3.jar:/Users/mikhail.shchegolev/.m2/repository/org/seleniumhq/selenium/selenium-api/2.53.1/selenium-api-2.53.1.jar:/Users/mikhail.shchegolev/.m2/repository/com/google/guava/guava/19.0/guava-19.0.jar:/Users/mikhail.shchegolev/.m2/repository/com/google/code/gson/gson/2.3.1/gson-2.3.1.jar:/Users/mikhail.shchegolev/.m2/repository/org/seleniumhq/selenium/selenium-remote-driver/2.53.1/selenium-remote-driver-2.53.1.jar:/Users/mikhail.shchegolev/.m2/repository/cglib/cglib-nodep/2.1_3/cglib-nodep-2.1_3.jar:/Users/mikhail.shchegolev/.m2/repository/org/apache/httpcomponents/httpclient/4.5.1/httpclient-4.5.1.jar:/Users/mikhail.shchegolev/.m2/repository/org/apache/httpcomponents/httpcore/4.4.3/httpcore-4.4.3.jar:/Users/mikhail.shchegolev/.m2/repository/commons-logging/commons-logging/1.2/commons-logging-1.2.jar:/Users/mikhail.shchegolev/.m2/repository/commons-codec/commons-codec/1.9/commons-codec-1.9.jar:/Users/mikhail.shchegolev/.m2/repository/org/apache/commons/commons-exec/1.3/commons-exec-1.3.jar:/Users/mikhail.shchegolev/.m2/repository/net/java/dev/jna/jna/4.1.0/jna-4.1.0.jar:/Users/mikhail.shchegolev/.m2/repository/net/java/dev/jna/jna-platform/4.1.0/jna-platform-4.1.0.jar:"/>
    <property name="sun.cpu.endian" value="little"/>
    <property name="user.home" value="/Users/mikhail.shchegolev"/>
    <property name="user.language" value="ru"/>
    <property name="java.specification.vendor" value="Oracle Corporation"/>
    <property name="java.version.date" value="2020-01-14"/>
    <property name="java.home" value="/usr/local/Cellar/openjdk/13.0.2+8_2/libexec/openjdk.jdk/Contents/Home"/>
    <property name="file.separator" value="/"/>
    <property name="basedir" value="/opt/develop/aut_irlem_practic"/>
    <property name="java.vm.compressedOopsMode" value="Zero based"/>
    <property name="line.separator" value="&#10;"/>
    <property name="java.specification.name" value="Java Platform API Specification"/>
    <property name="java.vm.specification.vendor" value="Oracle Corporation"/>
    <property name="surefire.real.class.path" value="/opt/develop/aut_irlem_practic/target/surefire/surefirebooter15202625260452014802.jar"/>
    <property name="sun.management.compiler" value="HotSpot 64-Bit Tiered Compilers"/>
    <property name="ftp.nonProxyHosts" value="local|*.local|169.254/16|*.169.254/16"/>
    <property name="java.runtime.version" value="13.0.2+8"/>
    <property name="user.name" value="mikhail.shchegolev"/>
    <property name="path.separator" value=":"/>
    <property name="os.version" value="10.15.5"/>
    <property name="java.runtime.name" value="OpenJDK Runtime Environment"/>
    <property name="file.encoding" value="UTF-8"/>
    <property name="java.vm.name" value="OpenJDK 64-Bit Server VM"/>
    <property name="localRepository" value="/Users/mikhail.shchegolev/.m2/repository"/>
    <property name="java.vendor.url.bug" value="https://bugreport.java.com/bugreport/"/>
    <property name="java.io.tmpdir" value="/var/folders/7l/jqp81vsj0l95dy4g_s2l1mfw0000gn/T/"/>
    <property name="java.version" value="13.0.2"/>
    <property name="user.dir" value="/opt/develop/aut_irlem_practic"/>
    <property name="os.arch" value="x86_64"/>
    <property name="java.vm.specification.name" value="Java Virtual Machine Specification"/>
    <property name="java.library.path" value="/Users/mikhail.shchegolev/Library/Java/Extensions:/Library/Java/Extensions:/Network/Library/Java/Extensions:/System/Library/Java/Extensions:/usr/lib/java:."/>
    <property name="java.vm.info" value="mixed mode, sharing"/>
    <property name="java.vendor" value="N/A"/>
    <property name="java.vm.version" value="13.0.2+8"/>
    <property name="sun.io.unicode.encoding" value="UnicodeBig"/>
    <property name="socksNonProxyHosts" value="local|*.local|169.254/16|*.169.254/16"/>
    <property name="java.class.version" value="57.0"/>
  </properties>
  <testcase name="a few cukes" classname="Belly" time="1.169">
    <error message="Could not start a new session. Possible causes are invalid address of the remote server or browser start-up failure.&#10;Build info: version: &apos;2.53.1&apos;, revision: &apos;a36b8b1cd5757287168e54b817830adce9b0158d&apos;, time: &apos;2016-06-30 19:26:09&apos;&#10;System info: host: &apos;MacBook-Pro-Mihail.local&apos;, ip: &apos;127.0.0.1&apos;, os.name: &apos;Mac OS X&apos;, os.arch: &apos;x86_64&apos;, os.version: &apos;10.15.5&apos;, java.version: &apos;13.0.2&apos;&#10;Driver info: driver.version: RemoteWebDriver" type="org.openqa.selenium.remote.UnreachableBrowserException">org.openqa.selenium.remote.UnreachableBrowserException: 
Could not start a new session. Possible causes are invalid address of the remote server or browser start-up failure.
Build info: version: '2.53.1', revision: 'a36b8b1cd5757287168e54b817830adce9b0158d', time: '2016-06-30 19:26:09'
System info: host: 'MacBook-Pro-Mihail.local', ip: '127.0.0.1', os.name: 'Mac OS X', os.arch: 'x86_64', os.version: '10.15.5', java.version: '13.0.2'
Driver info: driver.version: RemoteWebDriver
Caused by: org.apache.http.conn.HttpHostConnectException: Connect to localhost:4444 [localhost/127.0.0.1, localhost/0:0:0:0:0:0:0:1] failed: Connection refused
Caused by: java.net.ConnectException: Connection refused
</error>
    <system-out><![CDATA[
Scenario: a few cukes               &amp#27;[90m# io/cucumber/zituorden/belly.feature:3&amp#27;[0m
42
  &amp#27;[31mGiven &amp#27;[0m&amp#27;[31mI have &amp#27;[0m&amp#27;[31m&amp#27;[1m42&amp#27;[0m&amp#27;[31m cukes in my belly&amp#27;[0m &amp#27;[90m# io.cucumber.zituorden.StepDefinitions.I_have_cukes_in_my_belly(int)&amp#27;[0m
      &amp#27;[31morg.openqa.selenium.remote.UnreachableBrowserException: Could not start a new session. Possible causes are invalid address of the remote server or browser start-up failure.
Build info: version: '2.53.1', revision: 'a36b8b1cd5757287168e54b817830adce9b0158d', time: '2016-06-30 19:26:09'
System info: host: 'MacBook-Pro-Mihail.local', ip: '127.0.0.1', os.name: 'Mac OS X', os.arch: 'x86_64', os.version: '10.15.5', java.version: '13.0.2'
Driver info: driver.version: RemoteWebDriver
	at org.openqa.selenium.remote.RemoteWebDriver.execute(RemoteWebDriver.java:665)
	at org.openqa.selenium.remote.RemoteWebDriver.startSession(RemoteWebDriver.java:249)
	at org.openqa.selenium.remote.RemoteWebDriver.<init>(RemoteWebDriver.java:131)
	at org.openqa.selenium.remote.RemoteWebDriver.<init>(RemoteWebDriver.java:158)
	at io.cucumber.zituorden.ApplicationManager.<init>(ApplicationManager.java:29)
	at io.cucumber.zituorden.Belly.login(Belly.java:23)
	at io.cucumber.zituorden.StepDefinitions.I_have_cukes_in_my_belly(StepDefinitions.java:17)
	at ✽.I have 42 cukes in my belly(classpath:io/cucumber/zituorden/belly.feature:4)
Caused by: org.apache.http.conn.HttpHostConnectException: Connect to localhost:4444 [localhost/127.0.0.1, localhost/0:0:0:0:0:0:0:1] failed: Connection refused
	at org.apache.http.impl.conn.DefaultHttpClientConnectionOperator.connect(DefaultHttpClientConnectionOperator.java:151)
	at org.apache.http.impl.conn.PoolingHttpClientConnectionManager.connect(PoolingHttpClientConnectionManager.java:353)
	at org.apache.http.impl.execchain.MainClientExec.establishRoute(MainClientExec.java:380)
	at org.apache.http.impl.execchain.MainClientExec.execute(MainClientExec.java:236)
	at org.apache.http.impl.execchain.ProtocolExec.execute(ProtocolExec.java:184)
	at org.apache.http.impl.execchain.RetryExec.execute(RetryExec.java:88)
	at org.apache.http.impl.execchain.RedirectExec.execute(RedirectExec.java:110)
	at org.apache.http.impl.client.InternalHttpClient.doExecute(InternalHttpClient.java:184)
	at org.apache.http.impl.client.CloseableHttpClient.execute(CloseableHttpClient.java:71)
	at org.apache.http.impl.client.CloseableHttpClient.execute(CloseableHttpClient.java:55)
	at org.openqa.selenium.remote.internal.ApacheHttpClient.fallBackExecute(ApacheHttpClient.java:144)
	at org.openqa.selenium.remote.internal.ApacheHttpClient.execute(ApacheHttpClient.java:90)
	at org.openqa.selenium.remote.HttpCommandExecutor.execute(HttpCommandExecutor.java:142)
	at org.openqa.selenium.remote.RemoteWebDriver.execute(RemoteWebDriver.java:644)
	at org.openqa.selenium.remote.RemoteWebDriver.startSession(RemoteWebDriver.java:249)
	at org.openqa.selenium.remote.RemoteWebDriver.<init>(RemoteWebDriver.java:131)
	at org.openqa.selenium.remote.RemoteWebDriver.<init>(RemoteWebDriver.java:158)
	at io.cucumber.zituorden.ApplicationManager.<init>(ApplicationManager.java:29)
	at io.cucumber.zituorden.Belly.login(Belly.java:23)
	at io.cucumber.zituorden.StepDefinitions.I_have_cukes_in_my_belly(StepDefinitions.java:17)
	at java.base/jdk.internal.reflect.NativeMethodAccessorImpl.invoke0(Native Method)
	at java.base/jdk.internal.reflect.NativeMethodAccessorImpl.invoke(NativeMethodAccessorImpl.java:62)
	at java.base/jdk.internal.reflect.DelegatingMethodAccessorImpl.invoke(DelegatingMethodAccessorImpl.java:43)
	at java.base/java.lang.reflect.Method.invoke(Method.java:567)
	at io.cucumber.java.Invoker.doInvoke(Invoker.java:66)
	at io.cucumber.java.Invoker.invoke(Invoker.java:24)
	at io.cucumber.java.AbstractGlueDefinition.invokeMethod(AbstractGlueDefinition.java:44)
	at io.cucumber.java.JavaStepDefinition.execute(JavaStepDefinition.java:29)
	at io.cucumber.core.runner.PickleStepDefinitionMatch.runStep(PickleStepDefinitionMatch.java:63)
	at io.cucumber.core.runner.TestStep.executeStep(TestStep.java:92)
	at io.cucumber.core.runner.TestStep.run(TestStep.java:63)
	at io.cucumber.core.runner.PickleStepTestStep.run(PickleStepTestStep.java:49)
	at io.cucumber.core.runner.TestCase.run(TestCase.java:98)
	at io.cucumber.core.runner.Runner.runPickle(Runner.java:71)
	at io.cucumber.junit.PickleRunners$NoStepDescriptions.run(PickleRunners.java:140)
	at io.cucumber.junit.FeatureRunner.runChild(FeatureRunner.java:118)
	at io.cucumber.junit.FeatureRunner.runChild(FeatureRunner.java:24)
	at org.junit.runners.ParentRunner$4.run(ParentRunner.java:331)
	at org.junit.runners.ParentRunner$1.schedule(ParentRunner.java:79)
	at org.junit.runners.ParentRunner.runChildren(ParentRunner.java:329)
	at org.junit.runners.ParentRunner.access$100(ParentRunner.java:66)
	at org.junit.runners.ParentRunner$2.evaluate(ParentRunner.java:293)
	at org.junit.runners.ParentRunner$3.evaluate(ParentRunner.java:306)
	at org.junit.runners.ParentRunner.run(ParentRunner.java:413)
	at io.cucumber.junit.Cucumber.runChild(Cucumber.java:192)
	at io.cucumber.junit.Cucumber.runChild(Cucumber.java:88)
	at org.junit.runners.ParentRunner$4.run(ParentRunner.java:331)
	at org.junit.runners.ParentRunner$1.schedule(ParentRunner.java:79)
	at org.junit.runners.ParentRunner.runChildren(ParentRunner.java:329)
	at org.junit.runners.ParentRunner.access$100(ParentRunner.java:66)
	at org.junit.runners.ParentRunner$2.evaluate(ParentRunner.java:293)
	at io.cucumber.junit.Cucumber$RunCucumber.evaluate(Cucumber.java:227)
	at org.junit.runners.ParentRunner$3.evaluate(ParentRunner.java:306)
	at org.junit.runners.ParentRunner.run(ParentRunner.java:413)
	at org.apache.maven.surefire.junit4.JUnit4Provider.execute(JUnit4Provider.java:365)
	at org.apache.maven.surefire.junit4.JUnit4Provider.executeWithRerun(JUnit4Provider.java:273)
	at org.apache.maven.surefire.junit4.JUnit4Provider.executeTestSet(JUnit4Provider.java:238)
	at org.apache.maven.surefire.junit4.JUnit4Provider.invoke(JUnit4Provider.java:159)
	at org.apache.maven.surefire.booter.ForkedBooter.invokeProviderInSameClassLoader(ForkedBooter.java:384)
	at org.apache.maven.surefire.booter.ForkedBooter.runSuitesInProcess(ForkedBooter.java:345)
	at org.apache.maven.surefire.booter.ForkedBooter.execute(ForkedBooter.java:126)
	at org.apache.maven.surefire.booter.ForkedBooter.main(ForkedBooter.java:418)
Caused by: java.net.ConnectException: Connection refused
	at java.base/sun.nio.ch.Net.pollConnect(Native Method)
	at java.base/sun.nio.ch.Net.pollConnectNow(Net.java:579)
	at java.base/sun.nio.ch.NioSocketImpl.timedFinishConnect(NioSocketImpl.java:549)
	at java.base/sun.nio.ch.NioSocketImpl.connect(NioSocketImpl.java:597)
	at java.base/java.net.SocksSocketImpl.connect(SocksSocketImpl.java:339)
	at java.base/java.net.Socket.connect(Socket.java:603)
	at org.apache.http.conn.socket.PlainConnectionSocketFactory.connectSocket(PlainConnectionSocketFactory.java:74)
	at org.apache.http.impl.conn.DefaultHttpClientConnectionOperator.connect(DefaultHttpClientConnectionOperator.java:134)
	... 61 more
&amp#27;[0m
  &amp#27;[36mWhen &amp#27;[0m&amp#27;[36mI wait &amp#27;[0m&amp#27;[36m&amp#27;[1m1&amp#27;[0m&amp#27;[36m hour&amp#27;[0m                &amp#27;[90m# io.cucumber.zituorden.StepDefinitions.i_wait_hour(java.lang.Integer)&amp#27;[0m
  &amp#27;[36mThen &amp#27;[0m&amp#27;[36mmy belly should growl&amp#27;[0m        &amp#27;[90m# io.cucumber.zituorden.StepDefinitions.my_belly_should_growl()&amp#27;[0m
]]></system-out>
  </testcase>
</testsuite>